#
# There is insufficient memory for the Java Runtime Environment to continue.
# Native memory allocation (mmap) failed to map 268435456 bytes for G1 virtual space
# Possible reasons:
#   The system is out of physical RAM or swap space
#   The process is running with CompressedOops enabled, and the Java Heap may be blocking the growth of the native heap
# Possible solutions:
#   Reduce memory load on the system
#   Increase physical memory or swap space
#   Check if swap backing store is full
#   Decrease Java heap size (-Xmx/-Xms)
#   Decrease number of Java threads
#   Decrease Java thread stack sizes (-Xss)
#   Set larger code cache with -XX:ReservedCodeCacheSize=
#   JVM is running with Zero Based Compressed Oops mode in which the Java heap is
#     placed in the first 32GB address space. The Java Heap base address is the
#     maximum limit for the native heap growth. Please use -XX:HeapBaseMinAddress
#     to set the Java Heap base and to place the Java Heap above 32GB virtual address.
# This output file may be truncated or incomplete.
#
#  Out of Memory Error (os_windows.cpp:3530), pid=36312, tid=33292
#
# JRE version:  (18.0+36) (build )
# Java VM: OpenJDK 64-Bit Server VM (18+36-2087, mixed mode, sharing, tiered, compressed oops, compressed class ptrs, g1 gc, windows-amd64)
# No core dump will be written. Minidumps are not enabled by default on client versions of Windows
#

---------------  S U M M A R Y ------------

Command Line: -ea -Didea.test.cyclic.buffer.size=1048576 -javaagent:C:\Program Files\JetBrains\IntelliJ IDEA Community Edition 2023.3.2\lib\idea_rt.jar=61148:C:\Program Files\JetBrains\IntelliJ IDEA Community Edition 2023.3.2\bin -Dfile.encoding=UTF-8 -Dsun.stdout.encoding=UTF-8 -Dsun.stderr.encoding=UTF-8 com.intellij.rt.junit.JUnitStarter -ideVersion5 -junit5 ru.job4j.collection.SimpleLinkedListTest

Host: Intel(R) Core(TM) i5-8250U CPU @ 1.60GHz, 8 cores, 15G,  Windows 10 , 64 bit Build 19041 (10.0.19041.3636)
Time: Wed Apr 17 22:53:43 2024 RTZ 2 (s 10 , 64 bit Build 19041 (10.0.19041.3636) elapsed time: 0.016489 seconds (0d 0h 0m 0s)

---------------  T H R E A D  ---------------

Current thread (0x0000028dcebde9f0):  JavaThread "Unknown thread" [_thread_in_vm, id=33292, stack(0x000000cf1c000000,0x000000cf1c100000)]

Stack: [0x000000cf1c000000,0x000000cf1c100000]
Native frames: (J=compiled Java code, j=interpreted, Vv=VM code, C=native code)
V  [jvm.dll+0x69804a]
V  [jvm.dll+0x7f308d]
V  [jvm.dll+0x7f499e]
V  [jvm.dll+0x7f5053]
V  [jvm.dll+0x25ca3f]
V  [jvm.dll+0x694f99]
V  [jvm.dll+0x689aca]
V  [jvm.dll+0x321efb]
V  [jvm.dll+0x3298d6]
V  [jvm.dll+0x37e47e]
V  [jvm.dll+0x37e6af]
V  [jvm.dll+0x2f9c7a]
V  [jvm.dll+0x2facdd]
V  [jvm.dll+0x7c1cc0]
V  [jvm.dll+0x38b801]
V  [jvm.dll+0x7a09d3]
V  [jvm.dll+0x40d6bf]
V  [jvm.dll+0x40f091]
C  [jli.dll+0x526b]
C  [ucrtbase.dll+0x21bb2]
C  [KERNEL32.DLL+0x17344]
C  [ntdll.dll+0x526b1]


---------------  P R O C E S S  ---------------

Threads class SMR info:
_java_thread_list=0x00007ffbd3fbe550, length=0, elements={
}

Java Threads: ( => current thread )

Other Threads:
  0x0000028dcea7e810 WorkerThread "GC Thread#0" [stack: 0x000000cf1c100000,0x000000cf1c200000] [id=35944]
  0x0000028dcec5ccd0 ConcurrentGCThread "G1 Main Marker" [stack: 0x000000cf1c200000,0x000000cf1c300000] [id=36212]
  0x0000028dcec5dd70 WorkerThread "G1 Conc#0" [stack: 0x000000cf1c300000,0x000000cf1c400000] [id=19372]

[error occurred during error reporting (printing all threads), id 0xc0000005, EXCEPTION_ACCESS_VIOLATION (0xc0000005) at pc=0x00007ffbd37ea217]

VM state: not at safepoint (not fully initialized)

VM Mutex/Monitor currently owned by a thread:  ([mutex/lock_event])
[0x0000028dcebdc0e0] Heap_lock - owner thread: 0x0000028dcebde9f0

Heap address: 0x0000000701400000, size: 4076 MB, Compressed Oops mode: Zero based, Oop shift amount: 3

CDS archive(s) mapped at: [0x0000000000000000-0x0000000000000000-0x0000000000000000), size 0, SharedBaseAddress: 0x0000000800000000, ArchiveRelocationMode: 0.
Narrow klass base: 0x0000000000000000, Narrow klass shift: 0, Narrow klass range: 0x0

GC Precious Log:
 CardTable entry size: 512
 Card Set container configuration: InlinePtr #cards 4 size 8 Array Of Cards #cards 16 size 48 Howl #buckets 8 coarsen threshold 3686 Howl Bitmap #cards 512 size 80 coarsen threshold 460 Card regions per heap region 1 cards per card region 4096

Heap:
 garbage-first heap   total 0K, used 0K [0x0000000701400000, 0x0000000800000000)
  region size 2048K, 0 young (0K), 0 survivors (0K)

[error occurred during error reporting (printing heap information), id 0xc0000005, EXCEPTION_ACCESS_VIOLATION (0xc0000005) at pc=0x00007ffbd3bd0489]

GC Heap History (0 events):
No events

Deoptimization events (0 events):
No events

Classes loaded (0 events):
No events

Classes unloaded (0 events):
No events

Classes redefined (0 events):
No events

Internal exceptions (0 events):
No events

VM Operations (0 events):
No events

Events (1 events):
Event: 0.010 Loaded shared library C:\Users\zeugez\.jdks\openjdk-18\bin\java.dll


Dynamic libraries:
0x00007ff7f1220000 - 0x00007ff7f122e000 	C:\Users\zeugez\.jdks\openjdk-18\bin\java.exe
0x00007ffc24b30000 - 0x00007ffc24d28000 	C:\WINDOWS\SYSTEM32\ntdll.dll
0x00007ffc246d0000 - 0x00007ffc2478d000 	C:\WINDOWS\System32\KERNEL32.DLL
0x00007ffc22250000 - 0x00007ffc22546000 	C:\WINDOWS\System32\KERNELBASE.dll
0x00007ffc22740000 - 0x00007ffc22840000 	C:\WINDOWS\System32\ucrtbase.dll
0x00007ffc1ba50000 - 0x00007ffc1ba67000 	C:\Users\zeugez\.jdks\openjdk-18\bin\jli.dll
0x00007ffc1b2e0000 - 0x00007ffc1b2fa000 	C:\Users\zeugez\.jdks\openjdk-18\bin\VCRUNTIME140.dll
0x00007ffc24950000 - 0x00007ffc24aef000 	C:\WINDOWS\System32\USER32.dll
0x00007ffc161b0000 - 0x00007ffc1644a000 	C:\WINDOWS\WinSxS\amd64_microsoft.windows.common-controls_6595b64144ccf1df_6.0.19041.3636_none_60b6a03d71f818d5\COMCTL32.dll
0x00007ffc22870000 - 0x00007ffc22892000 	C:\WINDOWS\System32\win32u.dll
0x00007ffc233d0000 - 0x00007ffc2346e000 	C:\WINDOWS\System32\msvcrt.dll
0x00007ffc23310000 - 0x00007ffc2333b000 	C:\WINDOWS\System32\GDI32.dll
0x00007ffc22a40000 - 0x00007ffc22b57000 	C:\WINDOWS\System32\gdi32full.dll
0x00007ffc228f0000 - 0x00007ffc2298d000 	C:\WINDOWS\System32\msvcp_win.dll
0x00007ffc24910000 - 0x00007ffc24942000 	C:\WINDOWS\System32\IMM32.DLL
0x00007ffc1ba20000 - 0x00007ffc1ba2c000 	C:\Users\zeugez\.jdks\openjdk-18\bin\vcruntime140_1.dll
0x00007ffbfe890000 - 0x00007ffbfe91d000 	C:\Users\zeugez\.jdks\openjdk-18\bin\msvcp140.dll
0x00007ffbd34e0000 - 0x00007ffbd40f1000 	C:\Users\zeugez\.jdks\openjdk-18\bin\server\jvm.dll
0x00007ffc24860000 - 0x00007ffc24910000 	C:\WINDOWS\System32\ADVAPI32.dll
0x00007ffc22ec0000 - 0x00007ffc22f60000 	C:\WINDOWS\System32\sechost.dll
0x00007ffc244d0000 - 0x00007ffc245f3000 	C:\WINDOWS\System32\RPCRT4.dll
0x00007ffc22840000 - 0x00007ffc22867000 	C:\WINDOWS\System32\bcrypt.dll
0x00007ffc23da0000 - 0x00007ffc23da8000 	C:\WINDOWS\System32\PSAPI.DLL
0x00007ffc168f0000 - 0x00007ffc168f9000 	C:\WINDOWS\SYSTEM32\WSOCK32.dll
0x00007ffc0db50000 - 0x00007ffc0db77000 	C:\WINDOWS\SYSTEM32\WINMM.dll
0x00007ffc20f40000 - 0x00007ffc20f4a000 	C:\WINDOWS\SYSTEM32\VERSION.dll
0x00007ffc23d30000 - 0x00007ffc23d9b000 	C:\WINDOWS\System32\WS2_32.dll
0x00007ffc20f00000 - 0x00007ffc20f12000 	C:\WINDOWS\SYSTEM32\kernel.appcore.dll
0x00007ffc1b250000 - 0x00007ffc1b25a000 	C:\Users\zeugez\.jdks\openjdk-18\bin\jimage.dll
0x00007ffc1fde0000 - 0x00007ffc1ffc4000 	C:\WINDOWS\SYSTEM32\DBGHELP.DLL
0x00007ffc165d0000 - 0x00007ffc16604000 	C:\WINDOWS\SYSTEM32\dbgcore.DLL
0x00007ffc22550000 - 0x00007ffc225d2000 	C:\WINDOWS\System32\bcryptPrimitives.dll
0x00007ffc1d050000 - 0x00007ffc1d05e000 	C:\Users\zeugez\.jdks\openjdk-18\bin\instrument.dll
0x00007ffc1a130000 - 0x00007ffc1a155000 	C:\Users\zeugez\.jdks\openjdk-18\bin\java.dll

dbghelp: loaded successfully - version: 4.0.5 - missing functions: none
symbol engine: initialized successfully - sym options: 0x614 - pdb path: .;C:\Users\zeugez\.jdks\openjdk-18\bin;C:\WINDOWS\SYSTEM32;C:\WINDOWS\WinSxS\amd64_microsoft.windows.common-controls_6595b64144ccf1df_6.0.19041.3636_none_60b6a03d71f818d5;C:\Users\zeugez\.jdks\openjdk-18\bin\server

VM Arguments:
jvm_args: -ea -Didea.test.cyclic.buffer.size=1048576 -javaagent:C:\Program Files\JetBrains\IntelliJ IDEA Community Edition 2023.3.2\lib\idea_rt.jar=61148:C:\Program Files\JetBrains\IntelliJ IDEA Community Edition 2023.3.2\bin -Dfile.encoding=UTF-8 -Dsun.stdout.encoding=UTF-8 -Dsun.stderr.encoding=UTF-8 
java_command: com.intellij.rt.junit.JUnitStarter -ideVersion5 -junit5 ru.job4j.collection.SimpleLinkedListTest
java_class_path (initial): C:\Users\zeugez\.m2\repository\org\junit\platform\junit-platform-launcher\1.10.0\junit-platform-launcher-1.10.0.jar;C:\Users\zeugez\.m2\repository\org\junit\vintage\junit-vintage-engine\5.10.0\junit-vintage-engine-5.10.0.jar;C:\Program Files\JetBrains\IntelliJ IDEA Community Edition 2023.3.2\lib\idea_rt.jar;C:\Program Files\JetBrains\IntelliJ IDEA Community Edition 2023.3.2\plugins\junit\lib\junit5-rt.jar;C:\Program Files\JetBrains\IntelliJ IDEA Community Edition 2023.3.2\plugins\junit\lib\junit-rt.jar;C:\projects\job4j_design\target\test-classes;C:\projects\job4j_design\target\classes;C:\Users\zeugez\.m2\repository\junit\junit\4.13.2\junit-4.13.2.jar;C:\Users\zeugez\.m2\repository\org\hamcrest\hamcrest-core\1.3\hamcrest-core-1.3.jar;C:\Users\zeugez\.m2\repository\org\junit\jupiter\junit-jupiter-engine\5.10.0\junit-jupiter-engine-5.10.0.jar;C:\Users\zeugez\.m2\repository\org\junit\platform\junit-platform-engine\1.10.0\junit-platform-engine-1.10.0.jar;C:\Users\zeugez\.m2\repository\org\opentest4j\opentest4j\1.3.0\opentest4j-1.3.0.jar;C:\Users\zeugez\.m2\repository\org\junit\platform\junit-platform-commons\1.10.0\junit-platform-commons-1.10.0.jar;C:\Users\zeugez\.m2\repository\org\junit\jupiter\junit-jupiter-api\5.10.0\junit-jupiter-api-5.10.0.jar;C:\Users\zeugez\.m2\repository\org\apiguardian\apiguardian-api\1.1.2\apiguardian-api-1.1.2.jar;C:\Users\zeugez\.m2\repository\org\assertj\assertj-core\3.24.2\assertj-core-3.24.2.jar;C:\Users\zeugez\.m2\repository\net\bytebuddy\byte-buddy\1.12.21\byte-buddy-1.12.21.jar
Launcher Type: SUN_STANDARD

[Global flags]
     intx CICompilerCount                          = 4                                         {product} {ergonomic}
     uint ConcGCThreads                            = 2                                         {product} {ergonomic}
     uint G1ConcRefinementThreads                  = 8                                         {product} {ergonomic}
   size_t G1HeapRegionSize                         = 2097152                                   {product} {ergonomic}
    uintx GCDrainStackTargetSize                   = 64                                        {product} {ergonomic}
   size_t InitialHeapSize                          = 268435456                                 {product} {ergonomic}
   size_t MarkStackSize                            = 4194304                                   {product} {ergonomic}
   size_t MaxHeapSize                              = 4273995776                                {product} {ergonomic}
   size_t MinHeapDeltaBytes                        = 2097152                                   {product} {ergonomic}
   size_t MinHeapSize                              = 8388608                                   {product} {ergonomic}
    uintx NonNMethodCodeHeapSize                   = 5839372                                {pd product} {ergonomic}
    uintx NonProfiledCodeHeapSize                  = 122909434                              {pd product} {ergonomic}
    uintx ProfiledCodeHeapSize                     = 122909434                              {pd product} {ergonomic}
    uintx ReservedCodeCacheSize                    = 251658240                              {pd product} {ergonomic}
     bool SegmentedCodeCache                       = true                                      {product} {ergonomic}
   size_t SoftMaxHeapSize                          = 4273995776                             {manageable} {ergonomic}
     bool UseCompressedClassPointers               = true                           {product lp64_product} {ergonomic}
     bool UseCompressedOops                        = true                           {product lp64_product} {ergonomic}
     bool UseG1GC                                  = true                                      {product} {ergonomic}
     bool UseLargePagesIndividualAllocation        = false                                  {pd product} {ergonomic}

Logging:
Log output configuration:
 #0: stdout all=warning uptime,level,tags foldmultilines=false
 #1: stderr all=off uptime,level,tags foldmultilines=false

Environment Variables:
JAVA_HOME=C:\Program Files\Java\jdk-21
PATH=C:\Program Files\Common Files\Oracle\Java\javapath;C:\Program Files (x86)\Intel\iCLS Client\;C:\Program Files\Intel\iCLS Client\;C:\WINDOWS\system32;C:\WINDOWS;C:\WINDOWS\System32\Wbem;C:\WINDOWS\System32\WindowsPowerShell\v1.0\;C:\Program Files (x86)\Intel\Intel(R) Management Engine Components\DAL;C:\Program Files\Intel\Intel(R) Management Engine Components\DAL;C:\Program Files (x86)\Intel\Intel(R) Management Engine Components\IPT;C:\Program Files\Intel\Intel(R) Management Engine Components\IPT;C:\WINDOWS\System32\OpenSSH\;C:\Android;C:\Windows\System32;C:\Program Files\Git\cmd;%JAVA_HOME%\bin;%M2_HOME%\bin;C:\Program Files (x86)\AMD\ATI.ACE\Core-Static;C:\Program Files\dotnet\;C:\Users\zeugez\AppData\Local\Microsoft\WindowsApps;;C:\Program Files\JetBrains\PyCharm 2020.2.3\bin;
USERNAME=zeugez
OS=Windows_NT
PROCESSOR_IDENTIFIER=Intel64 Family 6 Model 142 Stepping 10, GenuineIntel



---------------  S Y S T E M  ---------------

OS:
 Windows 10 , 64 bit Build 19041 (10.0.19041.3636)
OS uptime: 2 days 0:20 hours

CPU: total 8 (initial active 8) (4 cores per cpu, 2 threads per core) family 6 model 142 stepping 10 microcode 0xb4, cx8, cmov, fxsr, ht, mmx, 3dnowpref, sse, sse2, sse3, ssse3, sse4.1, sse4.2, popcnt, lzcnt, tsc, tscinvbit, avx, avx2, aes, erms, clmul, bmi1, bmi2, adx, fma, vzeroupper, clflush, clflushopt

Memory: 4k page, system-wide physical 16300M (4818M free)
TotalPageFile size 31361M (AvailPageFile size 57M)
current process WorkingSet (physical memory assigned to process): 10M, peak: 10M
current process commit charge ("private bytes"): 60M, peak: 316M

vm_info: OpenJDK 64-Bit Server VM (18+36-2087) for windows-amd64 JRE (18+36-2087), built on Feb 15 2022 09:37:35 by "mach5one" with MS VC++ 16.8 / 16.9 (VS2019)

END.
